<?xml version="1.0" encoding="UTF-8"?>
<testsuite xmlns:xsi="http://www.w3.org/2001/XMLSchema-instance" xsi:noNamespaceSchemaLocation="https://maven.apache.org/surefire/maven-surefire-plugin/xsd/surefire-test-report-3.0.xsd" version="3.0" name="com.modelmesh.gateway.ModelMeshGatewayApplicationTests" time="5.577" tests="1" errors="0" skipped="0" failures="0">
  <properties>
[...]
</properties>
  <testcase name="contextLoads" classname="com.modelmesh.gateway.ModelMeshGatewayApplicationTests" time="2.498">
    <system-out><![CDATA[19:58:30.088 [main] INFO org.springframework.test.context.support.AnnotationConfigContextLoaderUtils -- Could not detect default configuration classes for test class [com.modelmesh.gateway.ModelMeshGatewayApplicationTests]: ModelMeshGatewayApplicationTests does not declare any static, non-private, non-final, nested classes annotated with @Configuration.
19:58:30.185 [main] INFO org.springframework.boot.test.context.SpringBootTestContextBootstrapper -- Found @SpringBootConfiguration com.modelmesh.gateway.ModelMeshGatewayApplication for test class com.modelmesh.gateway.ModelMeshGatewayApplicationTests

  .   ____          _            __ _ _
 /\\ / ___'_ __ _ _(_)_ __  __ _ \ \ \ \
( ( )\___ | '_ | '_| | '_ \/ _` | \ \ \ \
 \\/  ___)| |_)| | | | | || (_| |  ) ) ) )
  '  |____| .__|_| |_|_| |_\__, | / / / /
 =========|_|==============|___/=/_/_/_/

 :: Spring Boot ::                (v3.3.7)

2026-06-18T19:58:30.575+08:00  INFO 5916 --- [modelmesh-gateway] [           main] c.m.g.ModelMeshGatewayApplicationTests   : Starting ModelMeshGatewayApplicationTests using Java 21.0.6 with PID 5916 (started by rainhotle in D:\moniC\project\learn\modelmesh-gateway)
2026-06-18T19:58:30.576+08:00  INFO 5916 --- [modelmesh-gateway] [           main] c.m.g.ModelMeshGatewayApplicationTests   : No active profile set, falling back to 1 default profile: "default"
2026-06-18T19:58:31.305+08:00  INFO 5916 --- [modelmesh-gateway] [           main] .s.d.r.c.RepositoryConfigurationDelegate : Multiple Spring Data modules found, entering strict repository configuration mode
2026-06-18T19:58:31.307+08:00  INFO 5916 --- [modelmesh-gateway] [           main] .s.d.r.c.RepositoryConfigurationDelegate : Bootstrapping Spring Data Redis repositories in DEFAULT mode.
2026-06-18T19:58:31.331+08:00  INFO 5916 --- [modelmesh-gateway] [           main] .s.d.r.c.RepositoryConfigurationDelegate : Finished Spring Data repository scanning in 12 ms. Found 0 Redis repository interfaces.
2026-06-18T19:58:32.495+08:00  INFO 5916 --- [modelmesh-gateway] [           main] o.s.b.a.e.web.EndpointLinksResolver      : Exposing 2 endpoints beneath base path '/actuator'
2026-06-18T19:58:33.003+08:00  INFO 5916 --- [modelmesh-gateway] [           main] c.m.g.ModelMeshGatewayApplicationTests   : Started ModelMeshGatewayApplicationTests in 2.679 seconds (process running for 3.495)
]]></system-out>
    <system-err><![CDATA[WARNING: A Java agent has been loaded dynamically (D:\moniC\project\learn\modelmesh-gateway\.m2\repository\net\bytebuddy\byte-buddy-agent\1.14.19\byte-buddy-agent-1.14.19.jar)
WARNING: If a serviceability tool is in use, please run with -XX:+EnableDynamicAgentLoading to hide this warning
WARNING: If a serviceability tool is not in use, please run with -Djdk.instrument.traceUsage for more information
WARNING: Dynamic loading of agents will be disallowed by default in a future release
]]></system-err>
  </testcase>
</testsuite>